<?xml version="1.0" encoding="UTF-8"?>
<testsuites>
    <testsuite name="force.apex" timestamp="2025-10-31T10:43:00.000Z" hostname="https://digtalbiz-dev-ed.my.salesforce.com" tests="72" failures="9"  errors="0"  time="36.51">
        <properties>
            <property name="outcome" value="Failed"/>
            <property name="testsRan" value="72"/>
            <property name="passing" value="63"/>
            <property name="failing" value="9"/>
            <property name="skipped" value="0"/>
            <property name="passRate" value="88%"/>
            <property name="failRate" value="13%"/>
            <property name="testStartTime" value="Fri Oct 31 2025 4:13:00 pm"/>
            <property name="testSetupTimeInMs" value="15528"/>
            <property name="testExecutionTime" value="36.51 s"/>
            <property name="testTotalTime" value="52.04 s"/>
            <property name="commandTime" value="0.34 s"/>
            <property name="hostname" value="https://digtalbiz-dev-ed.my.salesforce.com"/>
            <property name="orgId" value="00D5f000005wFanEAE"/>
            <property name="username" value="bodduluriprameela@gmail.com.dbt"/>
            <property name="testRunId" value="707Ka00009aQoPg"/>
            <property name="userId" value="0055f00000BMCnrAAH"/>
            <property name="coveredLines" value="524"/>
            <property name="testRunCoverage" value="82%"/>
            <property name="orgWideCoverage" value="42%"/>
        </properties>
        <testcase name="ModifyOpportuntyNameTest" classname="dbt.ModifyOpportuntyNameTest" time="2.65">
            <failure message="System.AssertException: Assertion Failed: Expected: FiniteTech/Modified, Actual: FiniteTech"><![CDATA[Class.dbt.ModifyOpportuntyNameTest.ModifyOpportuntyNameTest: line 13, column 1]]></failure>
        </testcase>
        <testcase name="checkForDuplicateTimesheetLineItemTest" classname="dbt.TimesheetLineItemTriggerHandlerTest" time="0.28">
        </testcase>
        <testcase name="checkForDuplicateTimesheetLineItemTestWithException" classname="dbt.TimesheetLineItemTriggerHandlerTest" time="0.33">
        </testcase>
        <testcase name="testUpdateEmployeeProjectFromBillableToNonBillable" classname="dbt.TimesheetLineItemTriggerHandlerTest" time="0.55">
        </testcase>
        <testcase name="updateEmployeeAfterInsert" classname="dbt.TimesheetLineItemTriggerHandlerTest" time="0.46">
        </testcase>
        <testcase name="updateEmployeeBeforeInsert" classname="dbt.TimesheetLineItemTriggerHandlerTest" time="0.10">
        </testcase>
        <testcase name="updateEmployeeBeforeInsertWithException" classname="dbt.TimesheetLineItemTriggerHandlerTest" time="0.07">
        </testcase>
        <testcase name="updateEmployeeBillableField" classname="dbt.TimesheetLineItemTriggerHandlerTest" time="0.10">
        </testcase>
        <testcase name="updateEmployeeBillableFieldWithException" classname="dbt.TimesheetLineItemTriggerHandlerTest" time="0.07">
        </testcase>
        <testcase name="getTimesheetLineItemsTest" classname="dbt.TimesheetLineItemLwcControllerTest" time="0.17">
        </testcase>
        <testcase name="getTimesheetLineItemsTestWithException" classname="dbt.TimesheetLineItemLwcControllerTest" time="0.05">
        </testcase>
        <testcase name="updateTimesheetLineItemsTest" classname="dbt.TimesheetLineItemLwcControllerTest" time="0.70">
        </testcase>
        <testcase name="updateTimesheetLineItemsTestWithException" classname="dbt.TimesheetLineItemLwcControllerTest" time="0.13">
        </testcase>
        <testcase name="testGetDashboardTimesheetLineItemsDetails_success" classname="dbt.GetDashboardTimesheetLineItemsTest" time="2.60">
        </testcase>
        <testcase name="testGetDashboardTimesheetLineItemsDetails_invalidUser" classname="dbt.GetDashboardTimesheetLineItemsTest" time="0.03">
        </testcase>
        <testcase name="whenNoOpportunitiesFound" classname="dbt.CompetitorAccountOppControllerTest" time="0.15">
        </testcase>
        <testcase name="whenOpportunitiesFound" classname="dbt.CompetitorAccountOppControllerTest" time="0.79">
        </testcase>
        <testcase name="UpdateTest" classname="dbt.EmployeeTriggerHandlerTest" time="0.20">
        </testcase>
        <testcase name="beforeInsertTest" classname="dbt.EmployeeTriggerHandlerTest" time="0.13">
        </testcase>
        <testcase name="beforeInsertTestWithError" classname="dbt.EmployeeTriggerHandlerTest" time="0.13">
        </testcase>
        <testcase name="beforeUpdateTest" classname="dbt.EmployeeTriggerHandlerTest" time="0.21">
        </testcase>
        <testcase name="beforeUpdateTestWithError" classname="dbt.EmployeeTriggerHandlerTest" time="0.16">
        </testcase>
        <testcase name="testDeleteTimesheetLineItems" classname="dbt.WeeklyTimesheetControllerTest" time="0.18">
        </testcase>
        <testcase name="testDeleteTimesheetLineItemsEmptyList" classname="dbt.WeeklyTimesheetControllerTest" time="0.01">
        </testcase>
        <testcase name="testGetEmployeeTimesheetItems" classname="dbt.WeeklyTimesheetControllerTest" time="0.04">
        </testcase>
        <testcase name="testGetProjects" classname="dbt.WeeklyTimesheetControllerTest" time="0.05">
        </testcase>
        <testcase name="testGetTimesheet" classname="dbt.WeeklyTimesheetControllerTest" time="0.04">
        </testcase>
        <testcase name="testGetWeeklyTimesheetItems" classname="dbt.WeeklyTimesheetControllerTest" time="0.05">
        </testcase>
        <testcase name="testUpsertLineItems" classname="dbt.WeeklyTimesheetControllerTest" time="0.18">
        </testcase>
        <testcase name="testUpsertLineItemsEmptyList" classname="dbt.WeeklyTimesheetControllerTest" time="0.01">
        </testcase>
        <testcase name="testGetTimesheetRecords_nullId" classname="dbt.GetTimesheetTest" time="2.00">
        </testcase>
        <testcase name="testGetTimesheetRecords_success" classname="dbt.GetTimesheetTest" time="2.39">
        </testcase>
        <testcase name="testGetTimesheetLineItemsRecords_nullId" classname="dbt.GetTimesheetLineItemsTest" time="0.04">
        </testcase>
        <testcase name="testGetTimesheetLineItemsRecords_success" classname="dbt.GetTimesheetLineItemsTest" time="2.65">
        </testcase>
        <testcase name="processMethod" classname="dbt.ProcessInstanceControllerTest" time="0.86">
            <failure message="System.DmlException: Process failed. First exception on row 0; first error: NO_APPLICABLE_PROCESS, No applicable approval process was found.: []"><![CDATA[Class.dbt.ProcessInstanceControllerTest.processMethod: line 21, column 1]]></failure>
        </testcase>
        <testcase name="testGetTimesheetsLineItems_invalidRange" classname="dbt.GetRangeOfTimesheetsLineItemsTest" time="0.06">
        </testcase>
        <testcase name="testGetTimesheetsLineItems_missingDates" classname="dbt.GetRangeOfTimesheetsLineItemsTest" time="0.02">
        </testcase>
        <testcase name="testGetTimesheetsLineItems_nullEmployee" classname="dbt.GetRangeOfTimesheetsLineItemsTest" time="0.01">
        </testcase>
        <testcase name="testGetTimesheetsLineItems_success" classname="dbt.GetRangeOfTimesheetsLineItemsTest" time="1.83">
        </testcase>
        <testcase name="getProjectsTest" classname="dbt.ProjectControllerTest" time="0.11">
        </testcase>
        <testcase name="getProjectsTestwithException" classname="dbt.ProjectControllerTest" time="0.06">
        </testcase>
        <testcase name="testGetEmployee_nullId" classname="dbt.GetEmployeeDetailsTest" time="0.03">
        </testcase>
        <testcase name="testGetEmployee_success" classname="dbt.GetEmployeeDetailsTest" time="2.73">
        </testcase>
        <testcase name="oneJobPostingWithNoResource" classname="dbt.GetResourceSkillControllerTest" time="0.22">
        </testcase>
        <testcase name="oneJobPostingWithTwoResources" classname="dbt.GetResourceSkillControllerTest" time="0.25">
        </testcase>
        <testcase name="testDescribeObjectThrows" classname="dbt.ExternalOrgDescribeServiceTest" time="0.04">
            <failure message="System.AssertException: Assertion Failed: Expected: Not implemented, Actual: Script-thrown exception"><![CDATA[Class.dbt.ExternalOrgDescribeServiceTest.testDescribeObjectThrows: line 8, column 1]]></failure>
        </testcase>
        <testcase name="oneJobPostingWithMultipleResourcesAndSubmittals" classname="dbt.SubmittalResourceControllerTest" time="0.97">
        </testcase>
        <testcase name="oneJobPostingWithOneResourceWithoutSubmittal" classname="dbt.SubmittalResourceControllerTest" time="0.09">
        </testcase>
        <testcase name="testBuildDependencyGraphThrows" classname="dbt.ExternalOrgDependencyServiceTest" time="0.03">
            <failure message="System.AssertException: Assertion Failed: Expected: Not implemented, Actual: Script-thrown exception"><![CDATA[Class.dbt.ExternalOrgDependencyServiceTest.testBuildDependencyGraphThrows: line 8, column 1]]></failure>
        </testcase>
        <testcase name="testExportRecordsThrows" classname="dbt.ExternalOrgDataTransferServiceTest" time="0.02">
            <failure message="System.AssertException: Assertion Failed: Expected: Not implemented, Actual: Script-thrown exception"><![CDATA[Class.dbt.ExternalOrgDataTransferServiceTest.testExportRecordsThrows: line 8, column 1]]></failure>
        </testcase>
        <testcase name="testImportRecordsThrows" classname="dbt.ExternalOrgDataTransferServiceTest" time="0.00">
            <failure message="System.AssertException: Assertion Failed: Expected: Not implemented, Actual: Script-thrown exception"><![CDATA[Class.dbt.ExternalOrgDataTransferServiceTest.testImportRecordsThrows: line 16, column 1]]></failure>
        </testcase>
        <testcase name="testConnectionThrows" classname="dbt.ExternalOrgConnectionServiceTest" time="0.04">
            <failure message="System.AssertException: Assertion Failed: Expected: Not implemented, Actual: Script-thrown exception"><![CDATA[Class.dbt.ExternalOrgConnectionServiceTest.testConnectionThrows: line 8, column 1]]></failure>
        </testcase>
        <testcase name="testPullApprovalDetails_NonNullScenario" classname="dbt.ApprovalDetailControllerTest" time="0.05">
        </testcase>
        <testcase name="testPullApprovalDetails_NullScenario" classname="dbt.ApprovalDetailControllerTest" time="2.18">
        </testcase>
        <testcase name="testUpdateApprovalDetails_EmptyList" classname="dbt.ApprovalDetailControllerTest" time="0.01">
        </testcase>
        <testcase name="testUpdateApprovalDetails_NonEmptyList" classname="dbt.ApprovalDetailControllerTest" time="0.00">
        </testcase>
        <testcase name="testGetEmployeeDetailsReturnsCorrectData" classname="dbt.GetDashboardProfileDetailsTest" time="2.57">
        </testcase>
        <testcase name="testGetEmployeeDetailsWithNoEmployeeRecord" classname="dbt.GetDashboardProfileDetailsTest" time="0.77">
        </testcase>
        <testcase name="deleteSkillResourceRecordsTest" classname="dbt.SkillResourceControllerTest" time="0.60">
        </testcase>
        <testcase name="getSkillResourceRecordTest" classname="dbt.SkillResourceControllerTest" time="0.17">
        </testcase>
        <testcase name="insertAndDeleteSkillResourceRecordsTest" classname="dbt.SkillResourceControllerTest" time="0.23">
        </testcase>
        <testcase name="insertSkillResourceRecordsTest" classname="dbt.SkillResourceControllerTest" time="0.12">
        </testcase>
        <testcase name="testGetManagerEmployeeDetails_nullId" classname="dbt.GetDashboardManagerEmployeeDetailsTest" time="0.03">
        </testcase>
        <testcase name="testGetManagerEmployeeDetails_success" classname="dbt.GetDashboardManagerEmployeeDetailsTest" time="2.52">
        </testcase>
        <testcase name="testCustomNotification" classname="dbt.ContentDocumentLinkTriggerTest" time="0.81">
            <failure message="System.QueryException: List has no rows for assignment to SObject"><![CDATA[Class.dbt.ContentDocumentLinkTriggerTest.testCustomNotification: line 17, column 1]]></failure>
        </testcase>
        <testcase name="testCurrencyExchangeRate" classname="dbt.CurrencyExchangeRateTest" time="0.04">
        </testcase>
        <testcase name="doTestAutoApprove" classname="dbt.OpportunityAutoApprovalTest" time="1.28">
            <failure message="System.NullPointerException: Attempt to de-reference a null object"><![CDATA[Class.dbt.Test_library.createOpportunityFor: line 167, column 1
Class.dbt.Test_library.createOpportunity: line 141, column 1
Class.dbt.Test_library.createOpportunityForProposalGeneration: line 173, column 1
Class.dbt.Test_library.createOpportunityForBidApproval: line 213, column 1
Class.dbt.OpportunityAutoApprovalTest.doTestAutoApprove: line 5, column 1]]></failure>
        </testcase>
    </testsuite>
</testsuites>
